Determining if the pthread_create exist failed with the following output:
Change Dir: /home/danissa/MachineLearning/build/CMakeFiles/CMakeTmp

Run Build Command:"/usr/bin/make" "cmTC_ec295/fast"
/usr/bin/make -f CMakeFiles/cmTC_ec295.dir/build.make CMakeFiles/cmTC_ec295.dir/build
make[1]: Entering directory '/home/danissa/MachineLearning/build/CMakeFiles/CMakeTmp'
Building C object CMakeFiles/cmTC_ec295.dir/CheckSymbolExists.c.o
/usr/bin/cc    -o CMakeFiles/cmTC_ec295.dir/CheckSymbolExists.c.o   -c /home/danissa/MachineLearning/build/CMakeFiles/CMakeTmp/CheckSymbolExists.c
Linking C executable cmTC_ec295
/usr/local/bin/cmake -E cmake_link_script CMakeFiles/cmTC_ec295.dir/link.txt --verbose=1
/usr/bin/cc      -rdynamic CMakeFiles/cmTC_ec295.dir/CheckSymbolExists.c.o  -o cmTC_ec295 
CMakeFiles/cmTC_ec295.dir/CheckSymbolExists.c.o: In function `main':
CheckSymbolExists.c:(.text+0x16): undefined reference to `pthread_create'
collect2: error: ld returned 1 exit status
CMakeFiles/cmTC_ec295.dir/build.make:86: recipe for target 'cmTC_ec295' failed
make[1]: *** [cmTC_ec295] Error 1
make[1]: Leaving directory '/home/danissa/MachineLearning/build/CMakeFiles/CMakeTmp'
Makefile:126: recipe for target 'cmTC_ec295/fast' failed
make: *** [cmTC_ec295/fast] Error 2

File /home/danissa/MachineLearning/build/CMakeFiles/CMakeTmp/CheckSymbolExists.c:
/* */
#include <pthread.h>

int main(int argc, char** argv)
{
  (void)argv;
#ifndef pthread_create
  return ((int*)(&pthread_create))[argc];
#else
  (void)argc;
  return 0;
#endif
}

Determining if the function pthread_create exists in the pthreads failed with the following output:
Change Dir: /home/danissa/MachineLearning/build/CMakeFiles/CMakeTmp

Run Build Command:"/usr/bin/make" "cmTC_bae7a/fast"
/usr/bin/make -f CMakeFiles/cmTC_bae7a.dir/build.make CMakeFiles/cmTC_bae7a.dir/build
make[1]: Entering directory '/home/danissa/MachineLearning/build/CMakeFiles/CMakeTmp'
Building C object CMakeFiles/cmTC_bae7a.dir/CheckFunctionExists.c.o
/usr/bin/cc   -DCHECK_FUNCTION_EXISTS=pthread_create   -o CMakeFiles/cmTC_bae7a.dir/CheckFunctionExists.c.o   -c /usr/local/share/cmake-3.11/Modules/CheckFunctionExists.c
Linking C executable cmTC_bae7a
/usr/local/bin/cmake -E cmake_link_script CMakeFiles/cmTC_bae7a.dir/link.txt --verbose=1
/usr/bin/cc  -DCHECK_FUNCTION_EXISTS=pthread_create    -rdynamic CMakeFiles/cmTC_bae7a.dir/CheckFunctionExists.c.o  -o cmTC_bae7a -lpthreads 
/usr/bin/ld: cannot find -lpthreads
collect2: error: ld returned 1 exit status
CMakeFiles/cmTC_bae7a.dir/build.make:86: recipe for target 'cmTC_bae7a' failed
make[1]: *** [cmTC_bae7a] Error 1
make[1]: Leaving directory '/home/danissa/MachineLearning/build/CMakeFiles/CMakeTmp'
Makefile:126: recipe for target 'cmTC_bae7a/fast' failed
make: *** [cmTC_bae7a/fast] Error 2


